[2023-03-20 15:07:38] local.ERROR: SQLSTATE[22001]: String data, right truncated: 1406 Data too long for column 'short_description' at row 1 (Connection: mysql, SQL: insert into `products` (`name`, `slug`, `short_description`, `description`, `regular_price`, `SKU`, `stock_status`, `quantity`, `image`, `category_id`, `updated_at`, `created_at`) values (non in veniam laboriosam, non-in-veniam-laboriosam, Voluptate expedita in est ipsam optio dolorem eos. Voluptas ut dolores veniam incidunt numquam corrupti. Molestiae possimus placeat dolorem ex labore excepturi ducimus. Iste nam vel itaque sequi., Aut pariatur dolore ullam natus fuga. Autem doloremque voluptatibus labore dignissimos non architecto voluptatibus. Quis debitis qui dolores delectus sunt eaque dolorem. Modi adipisci ut culpa a non. Quia quia ut voluptatem velit eos. Eligendi non hic harum facilis. Ipsum reprehenderit consequuntur blanditiis molestias voluptatem. Ab non error in veritatis mollitia molestias. Vero hic dolorum enim. Qui velit ea enim at qui enim., 428, DIGI488, instock, 192, digital_6.jpg, 5, 2023-03-20 15:07:38, 2023-03-20 15:07:38)) {"exception":"[object] (Illuminate\\Database\\QueryException(code: 22001): SQLSTATE[22001]: String data, right truncated: 1406 Data too long for column 'short_description' at row 1 (Connection: mysql, SQL: insert into `products` (`name`, `slug`, `short_description`, `description`, `regular_price`, `SKU`, `stock_status`, `quantity`, `image`, `category_id`, `updated_at`, `created_at`) values (non in veniam laboriosam, non-in-veniam-laboriosam, Voluptate expedita in est ipsam optio dolorem eos. Voluptas ut dolores veniam incidunt numquam corrupti. Molestiae possimus placeat dolorem ex labore excepturi ducimus. Iste nam vel itaque sequi., Aut pariatur dolore ullam natus fuga. Autem doloremque voluptatibus labore dignissimos non architecto voluptatibus. Quis debitis qui dolores delectus sunt eaque dolorem. Modi adipisci ut culpa a non. Quia quia ut voluptatem velit eos. Eligendi non hic harum facilis. Ipsum reprehenderit consequuntur blanditiis molestias voluptatem. Ab non error in veritatis mollitia molestias. Vero hic dolorum enim. Qui velit ea enim at qui enim., 428, DIGI488, instock, 192, digital_6.jpg, 5, 2023-03-20 15:07:38, 2023-03-20 15:07:38)) at C:\\Users\\ijans\\OneDrive\\Desktop\\laravel-10-shop-main\\vendor\\laravel\\framework\\src\\Illuminate\\Database\\Connection.php:760)
[stacktrace]
#0 C:\\Users\\ijans\\OneDrive\\Desktop\\laravel-10-shop-main\\vendor\\laravel\\framework\\src\\Illuminate\\Database\\Connection.php(720): Illuminate\\Database\\Connection->runQueryCallback('insert into `pr...', Array, Object(Closure))
#1 C:\\Users\\ijans\\OneDrive\\Desktop\\laravel-10-shop-main\\vendor\\laravel\\framework\\src\\Illuminate\\Database\\Connection.php(546): Illuminate\\Database\\Connection->run('insert into `pr...', Array, Object(Closure))
#2 C:\\Users\\ijans\\OneDrive\\Desktop\\laravel-10-shop-main\\vendor\\laravel\\framework\\src\\Illuminate\\Database\\Connection.php(498): Illuminate\\Database\\Connection->statement('insert into `pr...', Array)
#3 C:\\Users\\ijans\\OneDrive\\Desktop\\laravel-10-shop-main\\vendor\\laravel\\framework\\src\\Illuminate\\Database\\Query\\Processors\\Processor.php(32): Illuminate\\Database\\Connection->insert('insert into `pr...', Array)
#4 C:\\Users\\ijans\\OneDrive\\Desktop\\laravel-10-shop-main\\vendor\\laravel\\framework\\src\\Illuminate\\Database\\Query\\Builder.php(3339): Illuminate\\Database\\Query\\Processors\\Processor->processInsertGetId(Object(Illuminate\\Database\\Query\\Builder), 'insert into `pr...', Array, 'id')
#5 C:\\Users\\ijans\\OneDrive\\Desktop\\laravel-10-shop-main\\vendor\\laravel\\framework\\src\\Illuminate\\Database\\Eloquent\\Builder.php(1903): Illuminate\\Database\\Query\\Builder->insertGetId(Array, 'id')
#6 C:\\Users\\ijans\\OneDrive\\Desktop\\laravel-10-shop-main\\vendor\\laravel\\framework\\src\\Illuminate\\Database\\Eloquent\\Model.php(1335): Illuminate\\Database\\Eloquent\\Builder->__call('insertGetId', Array)
#7 C:\\Users\\ijans\\OneDrive\\Desktop\\laravel-10-shop-main\\vendor\\laravel\\framework\\src\\Illuminate\\Database\\Eloquent\\Model.php(1300): Illuminate\\Database\\Eloquent\\Model->insertAndSetId(Object(Illuminate\\Database\\Eloquent\\Builder), Array)
#8 C:\\Users\\ijans\\OneDrive\\Desktop\\laravel-10-shop-main\\vendor\\laravel\\framework\\src\\Illuminate\\Database\\Eloquent\\Model.php(1139): Illuminate\\Database\\Eloquent\\Model->performInsert(Object(Illuminate\\Database\\Eloquent\\Builder))
#9 C:\\Users\\ijans\\OneDrive\\Desktop\\laravel-10-shop-main\\vendor\\laravel\\framework\\src\\Illuminate\\Database\\Eloquent\\Factories\\Factory.php(330): Illuminate\\Database\\Eloquent\\Model->save()
#10 C:\\Users\\ijans\\OneDrive\\Desktop\\laravel-10-shop-main\\vendor\\laravel\\framework\\src\\Illuminate\\Collections\\Traits\\EnumeratesValues.php(235): Illuminate\\Database\\Eloquent\\Factories\\Factory->Illuminate\\Database\\Eloquent\\Factories\\{closure}(Object(App\\Models\\Product), 7)
#11 C:\\Users\\ijans\\OneDrive\\Desktop\\laravel-10-shop-main\\vendor\\laravel\\framework\\src\\Illuminate\\Database\\Eloquent\\Factories\\Factory.php(339): Illuminate\\Support\\Collection->each(Object(Closure))
#12 C:\\Users\\ijans\\OneDrive\\Desktop\\laravel-10-shop-main\\vendor\\laravel\\framework\\src\\Illuminate\\Database\\Eloquent\\Factories\\Factory.php(283): Illuminate\\Database\\Eloquent\\Factories\\Factory->store(Object(Illuminate\\Database\\Eloquent\\Collection))
#13 C:\\Users\\ijans\\OneDrive\\Desktop\\laravel-10-shop-main\\database\\seeders\\DatabaseSeeder.php(22): Illuminate\\Database\\Eloquent\\Factories\\Factory->create()
#14 C:\\Users\\ijans\\OneDrive\\Desktop\\laravel-10-shop-main\\vendor\\laravel\\framework\\src\\Illuminate\\Container\\BoundMethod.php(36): Database\\Seeders\\DatabaseSeeder->run()
#15 C:\\Users\\ijans\\OneDrive\\Desktop\\laravel-10-shop-main\\vendor\\laravel\\framework\\src\\Illuminate\\Container\\Util.php(41): Illuminate\\Container\\BoundMethod::Illuminate\\Container\\{closure}()
#16 C:\\Users\\ijans\\OneDrive\\Desktop\\laravel-10-shop-main\\vendor\\laravel\\framework\\src\\Illuminate\\Container\\BoundMethod.php(93): Illuminate\\Container\\Util::unwrapIfClosure(Object(Closure))
#17 C:\\Users\\ijans\\OneDrive\\Desktop\\laravel-10-shop-main\\vendor\\laravel\\framework\\src\\Illuminate\\Container\\BoundMethod.php(37): Illuminate\\Container\\BoundMethod::callBoundMethod(Object(Illuminate\\Foundation\\Application), Array, Object(Closure))
#18 C:\\Users\\ijans\\OneDrive\\Desktop\\laravel-10-shop-main\\vendor\\laravel\\framework\\src\\Illuminate\\Container\\Container.php(661): Illuminate\\Container\\BoundMethod::call(Object(Illuminate\\Foundation\\Application), Array, Array, NULL)
#19 C:\\Users\\ijans\\OneDrive\\Desktop\\laravel-10-shop-main\\vendor\\laravel\\framework\\src\\Illuminate\\Database\\Seeder.php(184): Illuminate\\Container\\Container->call(Array, Array)
#20 C:\\Users\\ijans\\OneDrive\\Desktop\\laravel-10-shop-main\\vendor\\laravel\\framework\\src\\Illuminate\\Database\\Seeder.php(193): Illuminate\\Database\\Seeder->Illuminate\\Database\\{closure}()
#21 C:\\Users\\ijans\\OneDrive\\Desktop\\laravel-10-shop-main\\vendor\\laravel\\framework\\src\\Illuminate\\Database\\Console\\Seeds\\SeedCommand.php(70): Illuminate\\Database\\Seeder->__invoke()
#22 C:\\Users\\ijans\\OneDrive\\Desktop\\laravel-10-shop-main\\vendor\\laravel\\framework\\src\\Illuminate\\Database\\Eloquent\\Concerns\\GuardsAttributes.php(155): Illuminate\\Database\\Console\\Seeds\\SeedCommand->Illuminate\\Database\\Console\\Seeds\\{closure}()
#23 C:\\Users\\ijans\\OneDrive\\Desktop\\laravel-10-shop-main\\vendor\\laravel\\framework\\src\\Illuminate\\Database\\Console\\Seeds\\SeedCommand.php(71): Illuminate\\Database\\Eloquent\\Model::unguarded(Object(Closure))
#24 C:\\Users\\ijans\\OneDrive\\Desktop\\laravel-10-shop-main\\vendor\\laravel\\framework\\src\\Illuminate\\Container\\BoundMethod.php(36): Illuminate\\Database\\Console\\Seeds\\SeedCommand->handle()
#25 C:\\Users\\ijans\\OneDrive\\Desktop\\laravel-10-shop-main\\vendor\\laravel\\framework\\src\\Illuminate\\Container\\Util.php(41): Illuminate\\Container\\BoundMethod::Illuminate\\Container\\{closure}()
#26 C:\\Users\\ijans\\OneDrive\\Desktop\\laravel-10-shop-main\\vendor\\laravel\\framework\\src\\Illuminate\\Container\\BoundMethod.php(93): Illuminate\\Container\\Util::unwrapIfClosure(Object(Closure))
#27 C:\\Users\\ijans\\OneDrive\\Desktop\\laravel-10-shop-main\\vendor\\laravel\\framework\\src\\Illuminate\\Container\\BoundMethod.php(37): Illuminate\\Container\\BoundMethod::callBoundMethod(Object(Illuminate\\Foundation\\Application), Array, Object(Closure))
#28 C:\\Users\\ijans\\OneDrive\\Desktop\\laravel-10-shop-main\\vendor\\laravel\\framework\\src\\Illuminate\\Container\\Container.php(661): Illuminate\\Container\\BoundMethod::call(Object(Illuminate\\Foundation\\Application), Array, Array, NULL)
#29 C:\\Users\\ijans\\OneDrive\\Desktop\\laravel-10-shop-main\\vendor\\laravel\\framework\\src\\Illuminate\\Console\\Command.php(194): Illuminate\\Container\\Container->call(Array)
#30 C:\\Users\\ijans\\OneDrive\\Desktop\\laravel-10-shop-main\\vendor\\symfony\\console\\Command\\Command.php(312): Illuminate\\Console\\Command->execute(Object(Symfony\\Component\\Console\\Input\\ArgvInput), Object(Illuminate\\Console\\OutputStyle))
#31 C:\\Users\\ijans\\OneDrive\\Desktop\\laravel-10-shop-main\\vendor\\laravel\\framework\\src\\Illuminate\\Console\\Command.php(164): Symfony\\Component\\Console\\Command\\Command->run(Object(Symfony\\Component\\Console\\Input\\ArgvInput), Object(Illuminate\\Console\\OutputStyle))
#32 C:\\Users\\ijans\\OneDrive\\Desktop\\laravel-10-shop-main\\vendor\\symfony\\console\\Application.php(1040): Illuminate\\Console\\Command->run(Object(Symfony\\Component\\Console\\Input\\ArgvInput), Object(Symfony\\Component\\Console\\Output\\ConsoleOutput))
#33 C:\\Users\\ijans\\OneDrive\\Desktop\\laravel-10-shop-main\\vendor\\symfony\\console\\Application.php(314): Symfony\\Component\\Console\\Application->doRunCommand(Object(Illuminate\\Database\\Console\\Seeds\\SeedCommand), Object(Symfony\\Component\\Console\\Input\\ArgvInput), Object(Symfony\\Component\\Console\\Output\\ConsoleOutput))
#34 C:\\Users\\ijans\\OneDrive\\Desktop\\laravel-10-shop-main\\vendor\\symfony\\console\\Application.php(168): Symfony\\Component\\Console\\Application->doRun(Object(Symfony\\Component\\Console\\Input\\ArgvInput), Object(Symfony\\Component\\Console\\Output\\ConsoleOutput))
#35 C:\\Users\\ijans\\OneDrive\\Desktop\\laravel-10-shop-main\\vendor\\laravel\\framework\\src\\Illuminate\\Foundation\\Console\\Kernel.php(200): Symfony\\Component\\Console\\Application->run(Object(Symfony\\Component\\Console\\Input\\ArgvInput), Object(Symfony\\Component\\Console\\Output\\ConsoleOutput))
#36 C:\\Users\\ijans\\OneDrive\\Desktop\\laravel-10-shop-main\\artisan(37): Illuminate\\Foundation\\Console\\Kernel->handle(Object(Symfony\\Component\\Console\\Input\\ArgvInput), Object(Symfony\\Component\\Console\\Output\\ConsoleOutput))
#37 {main}

[previous exception] [object] (PDOException(code: 22001): SQLSTATE[22001]: String data, right truncated: 1406 Data too long for column 'short_description' at row 1 at C:\\Users\\ijans\\OneDrive\\Desktop\\laravel-10-shop-main\\vendor\\laravel\\framework\\src\\Illuminate\\Database\\Connection.php:545)
[stacktrace]
#0 C:\\Users\\ijans\\OneDrive\\Desktop\\laravel-10-shop-main\\vendor\\laravel\\framework\\src\\Illuminate\\Database\\Connection.php(545): PDOStatement->execute()
#1 C:\\Users\\ijans\\OneDrive\\Desktop\\laravel-10-shop-main\\vendor\\laravel\\framework\\src\\Illuminate\\Database\\Connection.php(753): Illuminate\\Database\\Connection->Illuminate\\Database\\{closure}('insert into `pr...', Array)
#2 C:\\Users\\ijans\\OneDrive\\Desktop\\laravel-10-shop-main\\vendor\\laravel\\framework\\src\\Illuminate\\Database\\Connection.php(720): Illuminate\\Database\\Connection->runQueryCallback('insert into `pr...', Array, Object(Closure))
#3 C:\\Users\\ijans\\OneDrive\\Desktop\\laravel-10-shop-main\\vendor\\laravel\\framework\\src\\Illuminate\\Database\\Connection.php(546): Illuminate\\Database\\Connection->run('insert into `pr...', Array, Object(Closure))
#4 C:\\Users\\ijans\\OneDrive\\Desktop\\laravel-10-shop-main\\vendor\\laravel\\framework\\src\\Illuminate\\Database\\Connection.php(498): Illuminate\\Database\\Connection->statement('insert into `pr...', Array)
#5 C:\\Users\\ijans\\OneDrive\\Desktop\\laravel-10-shop-main\\vendor\\laravel\\framework\\src\\Illuminate\\Database\\Query\\Processors\\Processor.php(32): Illuminate\\Database\\Connection->insert('insert into `pr...', Array)
#6 C:\\Users\\ijans\\OneDrive\\Desktop\\laravel-10-shop-main\\vendor\\laravel\\framework\\src\\Illuminate\\Database\\Query\\Builder.php(3339): Illuminate\\Database\\Query\\Processors\\Processor->processInsertGetId(Object(Illuminate\\Database\\Query\\Builder), 'insert into `pr...', Array, 'id')
#7 C:\\Users\\ijans\\OneDrive\\Desktop\\laravel-10-shop-main\\vendor\\laravel\\framework\\src\\Illuminate\\Database\\Eloquent\\Builder.php(1903): Illuminate\\Database\\Query\\Builder->insertGetId(Array, 'id')
#8 C:\\Users\\ijans\\OneDrive\\Desktop\\laravel-10-shop-main\\vendor\\laravel\\framework\\src\\Illuminate\\Database\\Eloquent\\Model.php(1335): Illuminate\\Database\\Eloquent\\Builder->__call('insertGetId', Array)
#9 C:\\Users\\ijans\\OneDrive\\Desktop\\laravel-10-shop-main\\vendor\\laravel\\framework\\src\\Illuminate\\Database\\Eloquent\\Model.php(1300): Illuminate\\Database\\Eloquent\\Model->insertAndSetId(Object(Illuminate\\Database\\Eloquent\\Builder), Array)
#10 C:\\Users\\ijans\\OneDrive\\Desktop\\laravel-10-shop-main\\vendor\\laravel\\framework\\src\\Illuminate\\Database\\Eloquent\\Model.php(1139): Illuminate\\Database\\Eloquent\\Model->performInsert(Object(Illuminate\\Database\\Eloquent\\Builder))
#11 C:\\Users\\ijans\\OneDrive\\Desktop\\laravel-10-shop-main\\vendor\\laravel\\framework\\src\\Illuminate\\Database\\Eloquent\\Factories\\Factory.php(330): Illuminate\\Database\\Eloquent\\Model->save()
#12 C:\\Users\\ijans\\OneDrive\\Desktop\\laravel-10-shop-main\\vendor\\laravel\\framework\\src\\Illuminate\\Collections\\Traits\\EnumeratesValues.php(235): Illuminate\\Database\\Eloquent\\Factories\\Factory->Illuminate\\Database\\Eloquent\\Factories\\{closure}(Object(App\\Models\\Product), 7)
#13 C:\\Users\\ijans\\OneDrive\\Desktop\\laravel-10-shop-main\\vendor\\laravel\\framework\\src\\Illuminate\\Database\\Eloquent\\Factories\\Factory.php(339): Illuminate\\Support\\Collection->each(Object(Closure))
#14 C:\\Users\\ijans\\OneDrive\\Desktop\\laravel-10-shop-main\\vendor\\laravel\\framework\\src\\Illuminate\\Database\\Eloquent\\Factories\\Factory.php(283): Illuminate\\Database\\Eloquent\\Factories\\Factory->store(Object(Illuminate\\Database\\Eloquent\\Collection))
#15 C:\\Users\\ijans\\OneDrive\\Desktop\\laravel-10-shop-main\\database\\seeders\\DatabaseSeeder.php(22): Illuminate\\Database\\Eloquent\\Factories\\Factory->create()
#16 C:\\Users\\ijans\\OneDrive\\Desktop\\laravel-10-shop-main\\vendor\\laravel\\framework\\src\\Illuminate\\Container\\BoundMethod.php(36): Database\\Seeders\\DatabaseSeeder->run()
#17 C:\\Users\\ijans\\OneDrive\\Desktop\\laravel-10-shop-main\\vendor\\laravel\\framework\\src\\Illuminate\\Container\\Util.php(41): Illuminate\\Container\\BoundMethod::Illuminate\\Container\\{closure}()
#18 C:\\Users\\ijans\\OneDrive\\Desktop\\laravel-10-shop-main\\vendor\\laravel\\framework\\src\\Illuminate\\Container\\BoundMethod.php(93): Illuminate\\Container\\Util::unwrapIfClosure(Object(Closure))
#19 C:\\Users\\ijans\\OneDrive\\Desktop\\laravel-10-shop-main\\vendor\\laravel\\framework\\src\\Illuminate\\Container\\BoundMethod.php(37): Illuminate\\Container\\BoundMethod::callBoundMethod(Object(Illuminate\\Foundation\\Application), Array, Object(Closure))
#20 C:\\Users\\ijans\\OneDrive\\Desktop\\laravel-10-shop-main\\vendor\\laravel\\framework\\src\\Illuminate\\Container\\Container.php(661): Illuminate\\Container\\BoundMethod::call(Object(Illuminate\\Foundation\\Application), Array, Array, NULL)
#21 C:\\Users\\ijans\\OneDrive\\Desktop\\laravel-10-shop-main\\vendor\\laravel\\framework\\src\\Illuminate\\Database\\Seeder.php(184): Illuminate\\Container\\Container->call(Array, Array)
#22 C:\\Users\\ijans\\OneDrive\\Desktop\\laravel-10-shop-main\\vendor\\laravel\\framework\\src\\Illuminate\\Database\\Seeder.php(193): Illuminate\\Database\\Seeder->Illuminate\\Database\\{closure}()
#23 C:\\Users\\ijans\\OneDrive\\Desktop\\laravel-10-shop-main\\vendor\\laravel\\framework\\src\\Illuminate\\Database\\Console\\Seeds\\SeedCommand.php(70): Illuminate\\Database\\Seeder->__invoke()
#24 C:\\Users\\ijans\\OneDrive\\Desktop\\laravel-10-shop-main\\vendor\\laravel\\framework\\src\\Illuminate\\Database\\Eloquent\\Concerns\\GuardsAttributes.php(155): Illuminate\\Database\\Console\\Seeds\\SeedCommand->Illuminate\\Database\\Console\\Seeds\\{closure}()
#25 C:\\Users\\ijans\\OneDrive\\Desktop\\laravel-10-shop-main\\vendor\\laravel\\framework\\src\\Illuminate\\Database\\Console\\Seeds\\SeedCommand.php(71): Illuminate\\Database\\Eloquent\\Model::unguarded(Object(Closure))
#26 C:\\Users\\ijans\\OneDrive\\Desktop\\laravel-10-shop-main\\vendor\\laravel\\framework\\src\\Illuminate\\Container\\BoundMethod.php(36): Illuminate\\Database\\Console\\Seeds\\SeedCommand->handle()
#27 C:\\Users\\ijans\\OneDrive\\Desktop\\laravel-10-shop-main\\vendor\\laravel\\framework\\src\\Illuminate\\Container\\Util.php(41): Illuminate\\Container\\BoundMethod::Illuminate\\Container\\{closure}()
#28 C:\\Users\\ijans\\OneDrive\\Desktop\\laravel-10-shop-main\\vendor\\laravel\\framework\\src\\Illuminate\\Container\\BoundMethod.php(93): Illuminate\\Container\\Util::unwrapIfClosure(Object(Closure))
#29 C:\\Users\\ijans\\OneDrive\\Desktop\\laravel-10-shop-main\\vendor\\laravel\\framework\\src\\Illuminate\\Container\\BoundMethod.php(37): Illuminate\\Container\\BoundMethod::callBoundMethod(Object(Illuminate\\Foundation\\Application), Array, Object(Closure))
#30 C:\\Users\\ijans\\OneDrive\\Desktop\\laravel-10-shop-main\\vendor\\laravel\\framework\\src\\Illuminate\\Container\\Container.php(661): Illuminate\\Container\\BoundMethod::call(Object(Illuminate\\Foundation\\Application), Array, Array, NULL)
#31 C:\\Users\\ijans\\OneDrive\\Desktop\\laravel-10-shop-main\\vendor\\laravel\\framework\\src\\Illuminate\\Console\\Command.php(194): Illuminate\\Container\\Container->call(Array)
#32 C:\\Users\\ijans\\OneDrive\\Desktop\\laravel-10-shop-main\\vendor\\symfony\\console\\Command\\Command.php(312): Illuminate\\Console\\Command->execute(Object(Symfony\\Component\\Console\\Input\\ArgvInput), Object(Illuminate\\Console\\OutputStyle))
#33 C:\\Users\\ijans\\OneDrive\\Desktop\\laravel-10-shop-main\\vendor\\laravel\\framework\\src\\Illuminate\\Console\\Command.php(164): Symfony\\Component\\Console\\Command\\Command->run(Object(Symfony\\Component\\Console\\Input\\ArgvInput), Object(Illuminate\\Console\\OutputStyle))
#34 C:\\Users\\ijans\\OneDrive\\Desktop\\laravel-10-shop-main\\vendor\\symfony\\console\\Application.php(1040): Illuminate\\Console\\Command->run(Object(Symfony\\Component\\Console\\Input\\ArgvInput), Object(Symfony\\Component\\Console\\Output\\ConsoleOutput))
#35 C:\\Users\\ijans\\OneDrive\\Desktop\\laravel-10-shop-main\\vendor\\symfony\\console\\Application.php(314): Symfony\\Component\\Console\\Application->doRunCommand(Object(Illuminate\\Database\\Console\\Seeds\\SeedCommand), Object(Symfony\\Component\\Console\\Input\\ArgvInput), Object(Symfony\\Component\\Console\\Output\\ConsoleOutput))
#36 C:\\Users\\ijans\\OneDrive\\Desktop\\laravel-10-shop-main\\vendor\\symfony\\console\\Application.php(168): Symfony\\Component\\Console\\Application->doRun(Object(Symfony\\Component\\Console\\Input\\ArgvInput), Object(Symfony\\Component\\Console\\Output\\ConsoleOutput))
#37 C:\\Users\\ijans\\OneDrive\\Desktop\\laravel-10-shop-main\\vendor\\laravel\\framework\\src\\Illuminate\\Foundation\\Console\\Kernel.php(200): Symfony\\Component\\Console\\Application->run(Object(Symfony\\Component\\Console\\Input\\ArgvInput), Object(Symfony\\Component\\Console\\Output\\ConsoleOutput))
#38 C:\\Users\\ijans\\OneDrive\\Desktop\\laravel-10-shop-main\\artisan(37): Illuminate\\Foundation\\Console\\Kernel->handle(Object(Symfony\\Component\\Console\\Input\\ArgvInput), Object(Symfony\\Component\\Console\\Output\\ConsoleOutput))
#39 {main}
"} 
